<?xml version="1.0" encoding="UTF-8"?>
<!-- Generated by org.testng.reporters.JUnitReportReporter -->
<testsuite hostname="LAPTOP-D0QEJMKI" failures="0" tests="1" name="cars.LamborginiTest" time="11.383" errors="0" timestamp="2025-01-18T23:20:13 IST" skipped="0">
  <testcase classname="cars.LamborginiTest" name="launch" time="11.383"/>
  <system-out>
    <![CDATA[lamborgini launched sucessfully]]>
  </system-out>
</testsuite> <!-- cars.LamborginiTest -->
