<?xml version="1.0" encoding="UTF-8"?>
<!-- Generated by org.testng.reporters.JUnitReportReporter -->
<testsuite hostname="LAPTOP-D0QEJMKI" failures="0" tests="1" name="cars.FerrariTest" time="14.021" errors="0" timestamp="2025-01-18T23:07:43 IST" skipped="0">
  <testcase classname="cars.FerrariTest" name="launch" time="14.021"/>
  <system-out>
    <![CDATA[lamborgini launched sucessfully]]>
  </system-out>
</testsuite> <!-- cars.FerrariTest -->
