<?xml version="1.0" encoding="UTF-8"?>
<!-- Generated by org.testng.reporters.JUnitReportReporter -->
<testsuite hostname="LAPTOP-D0QEJMKI" failures="0" tests="1" name="Company.InfosysTest" time="10.371" errors="0" timestamp="2025-01-22T19:38:54 IST" skipped="0">
  <testcase classname="Company.InfosysTest" name="launch" time="10.371"/>
  <system-out>
    <![CDATA[infosys launched sucessfully]]>
  </system-out>
</testsuite> <!-- Company.InfosysTest -->
