<?xml version="1.0" encoding="UTF-8"?>
<!-- Generated by org.testng.reporters.JUnitReportReporter -->
<testsuite hostname="LAPTOP-D0QEJMKI" failures="0" tests="1" name="ExtentReports.ToAddScreenshotIntoReport" time="11.187" errors="0" timestamp="2025-01-22T18:36:16 IST" skipped="0">
  <testcase classname="ExtentReports.ToAddScreenshotIntoReport" name="addScreenshot" time="11.187"/>
  <system-out/>
</testsuite> <!-- ExtentReports.ToAddScreenshotIntoReport -->
