<?xml version="1.0" encoding="UTF-8"?>
<!-- Generated by org.testng.reporters.JUnitReportReporter -->
<testsuite hostname="LAPTOP-D0QEJMKI" failures="0" tests="1" name="Bikes.HondaTest" time="17.877" errors="0" timestamp="2025-01-18T22:14:05 IST" skipped="0">
  <testcase classname="Bikes.HondaTest" name="launch" time="17.877"/>
  <system-out>
    <![CDATA[honda launched sucessfully]]>
  </system-out>
</testsuite> <!-- Bikes.HondaTest -->
