<?xml version="1.0" encoding="UTF-8"?>
<!-- Generated by org.testng.reporters.JUnitReportReporter -->
<testsuite hostname="LAPTOP-D0QEJMKI" failures="0" tests="1" name="Bikes.YamahaTest" time="14.379" errors="0" timestamp="2025-01-18T22:18:16 IST" skipped="0">
  <testcase classname="Bikes.YamahaTest" name="launch" time="14.379"/>
  <system-out>
    <![CDATA[yamaha launched sucessfully]]>
  </system-out>
</testsuite> <!-- Bikes.YamahaTest -->
