<?xml version="1.0" encoding="UTF-8"?>
<!-- Generated by org.testng.reporters.JUnitReportReporter -->
<testsuite hostname="LAPTOP-D0QEJMKI" failures="0" tests="1" name="ExtentReports.ToLearnExtentReports" time="1.205" errors="0" timestamp="2025-01-22T17:40:25 IST" skipped="0">
  <testcase classname="ExtentReports.ToLearnExtentReports" name="createReport" time="1.205"/>
  <system-out/>
</testsuite> <!-- ExtentReports.ToLearnExtentReports -->
