<?xml version="1.0" encoding="UTF-8"?>
<!-- Generated by org.testng.reporters.JUnitReportReporter -->
<testsuite hostname="LAPTOP-D0QEJMKI" failures="0" tests="1" name="demo.sample" time="0.024" errors="0" timestamp="2025-01-17T12:03:06 IST" skipped="0">
  <testcase classname="demo.sample" name="launch" time="0.024"/>
  <system-out>
    <![CDATA[sample class executed]]>
  </system-out>
</testsuite> <!-- demo.sample -->
